16:31:30 [main] INFO  org.hibernate.Version - HHH000412: Hibernate ORM core version 5.4.30.Final
16:31:30 [main] WARN  org.hibernate.orm.deprecation - HHH90000012: Recognized obsolete hibernate namespace http://hibernate.sourceforge.net/hibernate-configuration. Use namespace http://www.hibernate.org/dtd/hibernate-configuration instead.  Support for obsolete DTD/XSD namespaces may be removed at any time.
16:31:30 [main] INFO  org.hibernate.annotations.common.Version - HCANN000001: Hibernate Commons Annotations {5.1.2.Final}
16:31:30 [main] WARN  org.hibernate.orm.connections.pooling - HHH10001002: Using Hibernate built-in connection pool (not for production use!)
16:31:30 [main] INFO  org.hibernate.orm.connections.pooling - HHH10001005: using driver [org.postgresql.Driver] at URL [jdbc:postgresql://raheendb.cemk2svmngo7.us-east-1.rds.amazonaws.com/JavaConn]
16:31:30 [main] INFO  org.hibernate.orm.connections.pooling - HHH10001001: Connection properties: {password=****, user=postgres}
16:31:30 [main] INFO  org.hibernate.orm.connections.pooling - HHH10001003: Autocommit mode: false
16:31:30 [main] INFO  org.hibernate.engine.jdbc.connections.internal.DriverManagerConnectionProviderImpl - HHH000115: Hibernate connection pool size: 20 (min=1)
16:31:31 [main] INFO  org.hibernate.dialect.Dialect - HHH000400: Using dialect: org.hibernate.dialect.PostgreSQLDialect
16:31:33 [main] INFO  org.hibernate.orm.connections.access - HHH10001501: Connection obtained from JdbcConnectionAccess [org.hibernate.engine.jdbc.env.internal.JdbcEnvironmentInitiator$ConnectionProviderJdbcConnectionAccess@491cafec] for (non-JTA) DDL execution was not in auto-commit mode; the Connection 'local transaction' will be committed and the Connection will be set into auto-commit mode.
16:31:33 [main] INFO  com.revature.book.pojo.Book - Orwell
16:31:33 [main] INFO  com.revature.book.pojo.Book - Fantasy
16:31:33 [main] INFO  com.revature.book.pojo.Book - Orwell
16:31:33 [main] INFO  com.revature.book.pojo.Book - Fantasy
16:31:33 [main] INFO  com.revature.book.pojo.Book - Orwell
16:31:33 [main] INFO  com.revature.book.pojo.Book - Romance
16:31:33 [main] INFO  com.revature.book.pojo.Book - Anyone
16:31:33 [main] INFO  com.revature.book.pojo.Book - Action
16:31:33 [main] INFO  com.revature.book.pojo.Book - Noobs
16:31:33 [main] INFO  com.revature.book.pojo.Book - Action
